<?xml version="1.0" encoding="UTF-8"?>
<!-- Generated by org.testng.reporters.JUnitXMLReporter -->
<testsuite ignored="0" hostname="home-laptop" failures="0" tests="6" name="Test" time="63.607" errors="0" timestamp="2024-02-01T21:27:38 IST">
  <testcase classname="com.uitestingpractice.tests.TestDynamicTable" name="validateCpuLoad" time="0.477"/>
  <testcase classname="com.uitestingpractice.tests.TestWebInputs" name="validateWebInputs" time="1.233"/>
  <testcase classname="com.uitestingpractice.tests.TestNotificationMessage" name="validateNotificationMessage" time="1.992"/>
  <testcase classname="com.uitestingpractice.tests.TestLogin" name="loginWithValidData" time="2.457"/>
  <testcase classname="com.uitestingpractice.tests.TestLogin" name="loginWithInvalidUsername" time="1.994"/>
  <testcase classname="com.uitestingpractice.tests.TestLogin" name="loginWithInvalidPassword" time="2.178"/>
</testsuite> <!-- Test -->
