<?xml version="1.0" encoding="UTF-8"?>
<testng-results ignored="0" total="1" passed="1" failed="0" skipped="0">
  <reporter-output>
  </reporter-output>
  <suite started-at="2024-01-27T20:57:24 IST" name="Suite" finished-at="2024-01-27T20:57:57 IST" duration-ms="33170">
    <groups>
    </groups>
    <test started-at="2024-01-27T20:57:24 IST" name="Test" finished-at="2024-01-27T20:57:57 IST" duration-ms="33170">
      <class name="com.uitestingpractice.tests.DynamicTable">
        <test-method is-config="true" signature="beforeMethod()[pri:0, instance:com.uitestingpractice.tests.DynamicTable@14dd9eb7]" started-at="2024-01-27T20:57:26 IST" name="beforeMethod" finished-at="2024-01-27T20:57:55 IST" duration-ms="28335" status="PASS">
          <reporter-output>
          </reporter-output>
        </test-method> <!-- beforeMethod -->
        <test-method signature="verifyChromeCpuLoad()[pri:0, instance:com.uitestingpractice.tests.DynamicTable@14dd9eb7]" started-at="2024-01-27T20:57:55 IST" name="verifyChromeCpuLoad" finished-at="2024-01-27T20:57:56 IST" duration-ms="1200" status="PASS">
          <reporter-output>
          </reporter-output>
        </test-method> <!-- verifyChromeCpuLoad -->
        <test-method is-config="true" signature="afterMethod()[pri:0, instance:com.uitestingpractice.tests.DynamicTable@14dd9eb7]" started-at="2024-01-27T20:57:56 IST" name="afterMethod" finished-at="2024-01-27T20:57:57 IST" duration-ms="1463" status="PASS">
          <reporter-output>
          </reporter-output>
        </test-method> <!-- afterMethod -->
      </class> <!-- com.uitestingpractice.tests.DynamicTable -->
    </test> <!-- Test -->
  </suite> <!-- Suite -->
</testng-results>
