<?xml version="1.0" encoding="UTF-8"?>
<testng-results ignored="0" total="6" passed="6" failed="0" skipped="0">
  <reporter-output>
  </reporter-output>
  <suite started-at="2024-02-01T21:26:34 IST" name="Suite" finished-at="2024-02-01T21:27:37 IST" duration-ms="63607">
    <groups>
    </groups>
    <test started-at="2024-02-01T21:26:34 IST" name="Test" finished-at="2024-02-01T21:27:37 IST" duration-ms="63607">
      <class name="com.uitestingpractice.tests.TestNotificationMessage">
        <test-method is-config="true" signature="beforeMethod(java.lang.String)[pri:0, instance:com.uitestingpractice.tests.TestNotificationMessage@477b4cdf]" started-at="2024-02-01T21:26:55 IST" name="beforeMethod" finished-at="2024-02-01T21:27:03 IST" duration-ms="7966" status="PASS">
          <params>
            <param index="0">
              <value>
                <![CDATA[chrome]]>
              </value>
            </param>
          </params>
          <reporter-output>
          </reporter-output>
        </test-method> <!-- beforeMethod -->
        <test-method signature="validateNotificationMessage()[pri:0, instance:com.uitestingpractice.tests.TestNotificationMessage@477b4cdf]" started-at="2024-02-01T21:27:03 IST" name="validateNotificationMessage" finished-at="2024-02-01T21:27:05 IST" duration-ms="1992" status="PASS">
          <reporter-output>
          </reporter-output>
        </test-method> <!-- validateNotificationMessage -->
        <test-method is-config="true" signature="afterMethod()[pri:0, instance:com.uitestingpractice.tests.TestNotificationMessage@477b4cdf]" started-at="2024-02-01T21:27:05 IST" name="afterMethod" finished-at="2024-02-01T21:27:05 IST" duration-ms="315" status="PASS">
          <reporter-output>
          </reporter-output>
        </test-method> <!-- afterMethod -->
      </class> <!-- com.uitestingpractice.tests.TestNotificationMessage -->
      <class name="com.uitestingpractice.tests.TestDynamicTable">
        <test-method is-config="true" signature="beforeMethod(java.lang.String)[pri:0, instance:com.uitestingpractice.tests.TestDynamicTable@5b7a5baa]" started-at="2024-02-01T21:26:34 IST" name="beforeMethod" finished-at="2024-02-01T21:26:44 IST" duration-ms="9866" status="PASS">
          <params>
            <param index="0">
              <value>
                <![CDATA[chrome]]>
              </value>
            </param>
          </params>
          <reporter-output>
          </reporter-output>
        </test-method> <!-- beforeMethod -->
        <test-method signature="validateCpuLoad()[pri:0, instance:com.uitestingpractice.tests.TestDynamicTable@5b7a5baa]" started-at="2024-02-01T21:26:44 IST" name="validateCpuLoad" finished-at="2024-02-01T21:26:45 IST" duration-ms="477" status="PASS">
          <reporter-output>
          </reporter-output>
        </test-method> <!-- validateCpuLoad -->
        <test-method is-config="true" signature="afterMethod()[pri:0, instance:com.uitestingpractice.tests.TestDynamicTable@5b7a5baa]" started-at="2024-02-01T21:26:45 IST" name="afterMethod" finished-at="2024-02-01T21:26:45 IST" duration-ms="383" status="PASS">
          <reporter-output>
          </reporter-output>
        </test-method> <!-- afterMethod -->
      </class> <!-- com.uitestingpractice.tests.TestDynamicTable -->
      <class name="com.uitestingpractice.tests.TestLogin">
        <test-method is-config="true" signature="beforeMethod(java.lang.String)[pri:0, instance:com.uitestingpractice.tests.TestLogin@77c2494c]" started-at="2024-02-01T21:27:05 IST" name="beforeMethod" finished-at="2024-02-01T21:27:14 IST" duration-ms="9077" status="PASS">
          <params>
            <param index="0">
              <value>
                <![CDATA[chrome]]>
              </value>
            </param>
          </params>
          <reporter-output>
          </reporter-output>
        </test-method> <!-- beforeMethod -->
        <test-method signature="loginWithValidData()[pri:0, instance:com.uitestingpractice.tests.TestLogin@77c2494c]" started-at="2024-02-01T21:27:14 IST" name="loginWithValidData" finished-at="2024-02-01T21:27:17 IST" duration-ms="2457" status="PASS">
          <reporter-output>
          </reporter-output>
        </test-method> <!-- loginWithValidData -->
        <test-method is-config="true" signature="afterMethod()[pri:0, instance:com.uitestingpractice.tests.TestLogin@77c2494c]" started-at="2024-02-01T21:27:17 IST" name="afterMethod" finished-at="2024-02-01T21:27:17 IST" duration-ms="331" status="PASS">
          <reporter-output>
          </reporter-output>
        </test-method> <!-- afterMethod -->
        <test-method is-config="true" signature="beforeMethod(java.lang.String)[pri:0, instance:com.uitestingpractice.tests.TestLogin@77c2494c]" started-at="2024-02-01T21:27:17 IST" name="beforeMethod" finished-at="2024-02-01T21:27:25 IST" duration-ms="8389" status="PASS">
          <params>
            <param index="0">
              <value>
                <![CDATA[chrome]]>
              </value>
            </param>
          </params>
          <reporter-output>
          </reporter-output>
        </test-method> <!-- beforeMethod -->
        <test-method signature="loginWithInvalidUsername()[pri:1, instance:com.uitestingpractice.tests.TestLogin@77c2494c]" started-at="2024-02-01T21:27:25 IST" name="loginWithInvalidUsername" finished-at="2024-02-01T21:27:27 IST" duration-ms="1994" status="PASS">
          <reporter-output>
          </reporter-output>
        </test-method> <!-- loginWithInvalidUsername -->
        <test-method is-config="true" signature="afterMethod()[pri:0, instance:com.uitestingpractice.tests.TestLogin@77c2494c]" started-at="2024-02-01T21:27:27 IST" name="afterMethod" finished-at="2024-02-01T21:27:28 IST" duration-ms="310" status="PASS">
          <reporter-output>
          </reporter-output>
        </test-method> <!-- afterMethod -->
        <test-method is-config="true" signature="beforeMethod(java.lang.String)[pri:0, instance:com.uitestingpractice.tests.TestLogin@77c2494c]" started-at="2024-02-01T21:27:28 IST" name="beforeMethod" finished-at="2024-02-01T21:27:35 IST" duration-ms="6939" status="PASS">
          <params>
            <param index="0">
              <value>
                <![CDATA[chrome]]>
              </value>
            </param>
          </params>
          <reporter-output>
          </reporter-output>
        </test-method> <!-- beforeMethod -->
        <test-method signature="loginWithInvalidPassword()[pri:2, instance:com.uitestingpractice.tests.TestLogin@77c2494c]" started-at="2024-02-01T21:27:35 IST" name="loginWithInvalidPassword" finished-at="2024-02-01T21:27:37 IST" duration-ms="2178" status="PASS">
          <reporter-output>
          </reporter-output>
        </test-method> <!-- loginWithInvalidPassword -->
        <test-method is-config="true" signature="afterMethod()[pri:0, instance:com.uitestingpractice.tests.TestLogin@77c2494c]" started-at="2024-02-01T21:27:37 IST" name="afterMethod" finished-at="2024-02-01T21:27:37 IST" duration-ms="319" status="PASS">
          <reporter-output>
          </reporter-output>
        </test-method> <!-- afterMethod -->
      </class> <!-- com.uitestingpractice.tests.TestLogin -->
      <class name="com.uitestingpractice.tests.TestWebInputs">
        <test-method is-config="true" signature="beforeMethod(java.lang.String)[pri:0, instance:com.uitestingpractice.tests.TestWebInputs@3eb25e1a]" started-at="2024-02-01T21:26:45 IST" name="beforeMethod" finished-at="2024-02-01T21:26:53 IST" duration-ms="8384" status="PASS">
          <params>
            <param index="0">
              <value>
                <![CDATA[chrome]]>
              </value>
            </param>
          </params>
          <reporter-output>
          </reporter-output>
        </test-method> <!-- beforeMethod -->
        <test-method signature="validateWebInputs()[pri:0, instance:com.uitestingpractice.tests.TestWebInputs@3eb25e1a]" started-at="2024-02-01T21:26:53 IST" name="validateWebInputs" finished-at="2024-02-01T21:26:55 IST" duration-ms="1233" status="PASS">
          <reporter-output>
          </reporter-output>
        </test-method> <!-- validateWebInputs -->
        <test-method is-config="true" signature="afterMethod()[pri:0, instance:com.uitestingpractice.tests.TestWebInputs@3eb25e1a]" started-at="2024-02-01T21:26:55 IST" name="afterMethod" finished-at="2024-02-01T21:26:55 IST" duration-ms="320" status="PASS">
          <reporter-output>
          </reporter-output>
        </test-method> <!-- afterMethod -->
      </class> <!-- com.uitestingpractice.tests.TestWebInputs -->
    </test> <!-- Test -->
  </suite> <!-- Suite -->
</testng-results>
